<?xml version="1.0" encoding="UTF-8"?>
<testsuite xmlns:xsi="http://www.w3.org/2001/XMLSchema-instance" xsi:noNamespaceSchemaLocation="https://maven.apache.org/surefire/maven-surefire-plugin/xsd/surefire-test-report.xsd" version="3.0.2" name="com.farmer.farmermanagement.FarmermanagementApplicationTests" time="16.255" tests="1" errors="0" skipped="0" failures="0">
  <properties>
[...]
</properties>
  <testcase name="contextLoads" classname="com.farmer.farmermanagement.FarmermanagementApplicationTests" time="0.053">
    <system-out><![CDATA[10:31:10.935 [main] INFO org.springframework.test.context.support.AnnotationConfigContextLoaderUtils -- Could not detect default configuration classes for test class [com.farmer.farmermanagement.FarmermanagementApplicationTests]: FarmermanagementApplicationTests does not declare any static, non-private, non-final, nested classes annotated with @Configuration.
10:31:11.145 [main] INFO org.springframework.boot.test.context.SpringBootTestContextBootstrapper -- Found @SpringBootConfiguration com.farmer.farmermanagement.FarmermanagementApplication for test class com.farmer.farmermanagement.FarmermanagementApplicationTests
10:31:11.319 [main] INFO org.springframework.boot.devtools.restart.RestartApplicationListener -- Restart disabled due to context in which it is running

  .   ____          _            __ _ _
 /\\ / ___'_ __ _ _(_)_ __  __ _ \ \ \ \
( ( )\___ | '_ | '_| | '_ \/ _` | \ \ \ \
 \\/  ___)| |_)| | | | | || (_| |  ) ) ) )
  '  |____| .__|_| |_|_| |_\__, | / / / /
 =========|_|==============|___/=/_/_/_/

 :: Spring Boot ::                (v3.4.4)

2025-06-09T10:31:11.710+05:30  INFO 13256 --- [           main] c.f.f.FarmermanagementApplicationTests   : Starting FarmermanagementApplicationTests using Java 17.0.14 with PID 13256 (started by User in C:\Users\User\Desktop\Vamsi\Farmer-module_k)
2025-06-09T10:31:11.713+05:30  INFO 13256 --- [           main] c.f.f.FarmermanagementApplicationTests   : No active profile set, falling back to 1 default profile: "default"
2025-06-09T10:31:13.060+05:30  INFO 13256 --- [           main] .s.d.r.c.RepositoryConfigurationDelegate : Bootstrapping Spring Data JPA repositories in DEFAULT mode.
2025-06-09T10:31:13.256+05:30  INFO 13256 --- [           main] .s.d.r.c.RepositoryConfigurationDelegate : Finished Spring Data repository scanning in 176 ms. Found 9 JPA repository interfaces.
2025-06-09T10:31:14.649+05:30  INFO 13256 --- [           main] o.hibernate.jpa.internal.util.LogHelper  : HHH000204: Processing PersistenceUnitInfo [name: default]
2025-06-09T10:31:14.834+05:30  INFO 13256 --- [           main] org.hibernate.Version                    : HHH000412: Hibernate ORM core version 6.6.11.Final
2025-06-09T10:31:14.957+05:30  INFO 13256 --- [           main] o.h.c.internal.RegionFactoryInitiator    : HHH000026: Second-level cache disabled
2025-06-09T10:31:15.342+05:30  INFO 13256 --- [           main] o.s.o.j.p.SpringPersistenceUnitInfo      : No LoadTimeWeaver setup: ignoring JPA class transformer
2025-06-09T10:31:15.528+05:30  INFO 13256 --- [           main] com.zaxxer.hikari.HikariDataSource       : HikariPool-1 - Starting...
2025-06-09T10:31:16.310+05:30  INFO 13256 --- [           main] com.zaxxer.hikari.pool.HikariPool        : HikariPool-1 - Added connection org.postgresql.jdbc.PgConnection@8961e55
2025-06-09T10:31:16.318+05:30  INFO 13256 --- [           main] com.zaxxer.hikari.HikariDataSource       : HikariPool-1 - Start completed.
2025-06-09T10:31:16.447+05:30  WARN 13256 --- [           main] org.hibernate.orm.deprecation            : HHH90000025: PostgreSQLDialect does not need to be specified explicitly using 'hibernate.dialect' (remove the property setting and it will be selected by default)
2025-06-09T10:31:16.528+05:30  INFO 13256 --- [           main] org.hibernate.orm.connections.pooling    : HHH10001005: Database info:
	Database JDBC URL [Connecting through datasource 'HikariDataSource (HikariPool-1)']
	Database driver: undefined/unknown
	Database version: 17.4
	Autocommit mode: undefined/unknown
	Isolation level: undefined/unknown
	Minimum pool size: undefined/unknown
	Maximum pool size: undefined/unknown
2025-06-09T10:31:20.184+05:30  INFO 13256 --- [           main] o.h.e.t.j.p.i.JtaPlatformInitiator       : HHH000489: No JTA platform available (set 'hibernate.transaction.jta.platform' to enable JTA platform integration)
Hibernate: 
    set client_min_messages = WARNING
Hibernate: 
    alter table if exists bank_details 
       drop constraint if exists FK25mkivpdaa1ifnvj533g6vb93
Hibernate: 
    alter table if exists crop 
       drop constraint if exists FK73cteku6gk29ce9g2xnxfv35y
Hibernate: 
    alter table if exists districts 
       drop constraint if exists FKsdoetomqk5jeac0q4wq8e591c
Hibernate: 
    alter table if exists land_details 
       drop constraint if exists FKmtyv204bkc8xxkx03c7jhfdsl
Hibernate: 
    alter table if exists states 
       drop constraint if exists FKskkdphjml9vjlrqn4m5hi251y
Hibernate: 
    drop table if exists bank_details cascade
Hibernate: 
    drop table if exists countries cascade
Hibernate: 
    drop table if exists crop cascade
Hibernate: 
    drop table if exists districts cascade
Hibernate: 
    drop table if exists farmer cascade
Hibernate: 
    drop table if exists land_details cascade
Hibernate: 
    drop table if exists otp cascade
Hibernate: 
    drop table if exists states cascade
Hibernate: 
    drop table if exists users cascade
Hibernate: 
    create table bank_details (
        farmer_id bigint not null unique,
        id bigint generated by default as identity,
        account_number varchar(255) not null unique,
        bank_name varchar(255) not null,
        ifsc_code varchar(255) not null,
        primary key (id)
    )
Hibernate: 
    create table countries (
        active boolean not null,
        id bigint generated by default as identity,
        dial_code varchar(255),
        iso2 varchar(255),
        name varchar(255) not null unique,
        primary key (id)
    )
Hibernate: 
    create table crop (
        area_in_acres float(53) not null,
        latitude float(53),
        longitude float(53),
        net_income float(53) not null,
        farmer_id bigint not null,
        id bigint generated by default as identity,
        crop_name varchar(255) not null,
        crop_type varchar(255) not null check (crop_type in ('FRUITS','VEGETABLES','GRAINS','PULSES','OILSEEDS','COTTON')),
        geo_tag varchar(255) not null,
        irrigation_source varchar(255) not null check (irrigation_source in ('CANAL','OPENWELL','BOREWELL','TANK','RIVER','DRIP','OTHER')),
        photo varchar(255) not null,
        soil_test varchar(255) not null check (soil_test in ('YES','NO')),
        soil_test_certificate varchar(255) not null,
        survey_number varchar(255) not null unique,
        primary key (id)
    )
Hibernate: 
    create table districts (
        id bigint generated by default as identity,
        state_id bigint not null,
        name varchar(255) not null,
        primary key (id)
    )
Hibernate: 
    create table farmer (
        date_of_birth date not null,
        id bigint generated by default as identity,
        aadhar_number varchar(255) not null unique,
        city varchar(255),
        district varchar(255),
        document varchar(255) check (document in ('VOTERCARD','AADHARNUMBER','PANNUMBER','PPBNUMBER')),
        document_path varchar(255) not null,
        education varchar(255) not null check (education in ('PRIMARYSCHOOLING','HIGHSCHOOL','INTERMEDIATE','DEGREE','GRADUATE','POSTGRADUATE')),
        email varchar(255) not null unique,
        farmer_type varchar(255) not null,
        first_name varchar(255) not null,
        gender varchar(255) not null check (gender in ('MALE','FEMALE','TRANSGENDER')),
        last_name varchar(255) not null,
        middle_name varchar(255),
        phone_number varchar(255) not null unique,
        pincode varchar(255),
        portal_access varchar(255) check (portal_access in ('ACTIVE','INACTIVE','SUSPENDED','PENDING')),
        portal_role varchar(255) check (portal_role in ('FARMER','LAND_OWNER','AGRI_VENDOR','BANK_OFFICER','GOVERNMENT_OFFICER','ADMIN','USER')),
        state varchar(255),
        street varchar(255),
        primary key (id)
    )
Hibernate: 
    create table land_details (
        land_size float(53) not null,
        latitude float(53),
        longitude float(53),
        farmer_id bigint not null unique,
        id bigint generated by default as identity,
        borewell_discharge varchar(255),
        borewell_location varchar(255),
        crop_type varchar(255) not null check (crop_type in ('FRUITS','VEGETABLES','GRAINS','PULSES','OILSEEDS','COTTON')),
        geo_tag varchar(255) not null,
        irrigation_source varchar(255) not null check (irrigation_source in ('CANAL','OPENWELL','BOREWELL','TANK','RIVER','DRIP','OTHER')),
        soil_test varchar(255) not null check (soil_test in ('YES','NO')),
        soil_test_certificate varchar(255) not null,
        survey_number varchar(255) not null unique,
        primary key (id)
    )
Hibernate: 
    create table otp (
        otp_code varchar(6) not null,
        expiry_time timestamp(6) not null,
        id bigint generated by default as identity,
        email_or_phone varchar(255) not null,
        primary key (id)
    )
Hibernate: 
    create table states (
        country_id bigint not null,
        id bigint generated by default as identity,
        name varchar(255) not null,
        primary key (id)
    )
Hibernate: 
    create table users (
        date_of_birth date,
        id bigint generated by default as identity,
        country varchar(255),
        email varchar(255) not null unique,
        first_name varchar(255) not null,
        gender varchar(255),
        last_name varchar(255) not null,
        password varchar(255) not null,
        phone_number varchar(255) not null unique,
        pin_code varchar(255),
        state varchar(255),
        time_zone varchar(255),
        primary key (id)
    )
Hibernate: 
    create index idx_email_or_phone 
       on otp (email_or_phone)
Hibernate: 
    create index idx_otp_code 
       on otp (otp_code)
Hibernate: 
    alter table if exists bank_details 
       add constraint FK25mkivpdaa1ifnvj533g6vb93 
       foreign key (farmer_id) 
       references farmer
Hibernate: 
    alter table if exists crop 
       add constraint FK73cteku6gk29ce9g2xnxfv35y 
       foreign key (farmer_id) 
       references farmer
Hibernate: 
    alter table if exists districts 
       add constraint FKsdoetomqk5jeac0q4wq8e591c 
       foreign key (state_id) 
       references states
Hibernate: 
    alter table if exists land_details 
       add constraint FKmtyv204bkc8xxkx03c7jhfdsl 
       foreign key (farmer_id) 
       references farmer
Hibernate: 
    alter table if exists states 
       add constraint FKskkdphjml9vjlrqn4m5hi251y 
       foreign key (country_id) 
       references countries
2025-06-09T10:31:20.534+05:30  INFO 13256 --- [           main] j.LocalContainerEntityManagerFactoryBean : Initialized JPA EntityManagerFactory for persistence unit 'default'
2025-06-09T10:31:23.072+05:30  INFO 13256 --- [           main] eAuthenticationProviderManagerConfigurer : Global AuthenticationManager configured with AuthenticationProvider bean with name authProvider
2025-06-09T10:31:23.073+05:30  WARN 13256 --- [           main] r$InitializeUserDetailsManagerConfigurer : Global AuthenticationManager configured with an AuthenticationProvider bean. UserDetailsService beans will not be used by Spring Security for automatically configuring username/password login. Consider removing the AuthenticationProvider bean. Alternatively, consider using the UserDetailsService in a manually instantiated DaoAuthenticationProvider. If the current configuration is intentional, to turn off this warning, increase the logging level of 'org.springframework.security.config.annotation.authentication.configuration.InitializeUserDetailsBeanManagerConfigurer' to ERROR
2025-06-09T10:31:24.773+05:30  INFO 13256 --- [           main] o.s.d.j.r.query.QueryEnhancerFactory     : Hibernate is in classpath; If applicable, HQL parser will be used.
2025-06-09T10:31:26.996+05:30  INFO 13256 --- [           main] c.f.f.FarmermanagementApplicationTests   : Started FarmermanagementApplicationTests in 15.694 seconds (process running for 21.75)
]]></system-out>
  </testcase>
</testsuite>